INFO: Server started
INFO: Initializing database connection
ERROR: Database connection timeout
INFO: Retrying database connection
INFO: Database connection established
INFO: Request received
ERROR: Invalid request parameters
INFO: Processing request ID 12345
INFO: Request completed successfully
ERROR: Something went wrong
INFO: Server health check passed
INFO: Request received
ERROR: Database failed
INFO: Queuing request for retry
INFO: Request received
ERROR: Authentication error
INFO: User login attempt
INFO: Session created for user ID 67890
ERROR: File not found
INFO: Request received
INFO: Processing request ID 12346
ERROR: Network timeout
INFO: Retrying request ID 12346
INFO: Request completed successfully
ERROR: Database query failed
INFO: Server restarting
INFO: Server started
INFO: Request received
ERROR: Null pointer exception
INFO: Logging user activity
INFO: Request received
ERROR: Something went wrong
INFO: Server health check passed
INFO: Request received
ERROR: Database failed
INFO: Request queued for retry
INFO: Processing request ID 12347
INFO: Request completed successfully
ERROR: Unauthorized access attempt
INFO: Request received
INFO: Session terminated for user ID 67890
ERROR: Disk space low
INFO: Server health check passed
INFO: Request received
ERROR: Database connection lost
INFO: Reconnecting to database
INFO: Database connection restored
INFO: Request received
ERROR: Something went wrong
INFO: Processing request ID 12348
INFO: Request completed successfully
ERROR: Database failed
INFO: Server shutting down
INFO: Server started
INFO: Request received
ERROR: Invalid API key
INFO: Processing request ID 12349
INFO: Request completed successfully
ERROR: Server overload detected
INFO: Request received
INFO: Load balancer activated
ERROR: Database query timeout
INFO: Request received
INFO: Processing request ID 12350
ERROR: Something went wrong
INFO: Server health check passed
INFO: Request received
ERROR: Database failed
INFO: Request queued for retry
INFO: Processing request ID 12351
INFO: Request completed successfully
ERROR: File permission error
INFO: Request received
INFO: Server health check passed
ERROR: Network failure
INFO: Retrying network connection
INFO: Network connection restored
INFO: Request received
ERROR: Database failed
INFO: Processing request ID 12352
INFO: Request completed successfully
ERROR: Something went wrong
INFO: Server restarting
INFO: Server started